<<<<<<< HEAD
2026-01-31 16:45:26 - Request received from user: 4
2026-01-31 16:45:26 - POST data present: YES
2026-01-31 16:45:26 - Image data present: YES (length: 151334)
2026-01-31 16:45:26 - Attendance ID: 3
2026-01-31 16:45:45 - Request received from user: 4
2026-01-31 16:45:45 - POST data present: YES
2026-01-31 16:45:45 - Image data present: YES (length: 144702)
2026-01-31 16:45:45 - Attendance ID: 3
2026-01-31 16:46:17 - Request received from user: 4
2026-01-31 16:46:17 - POST data present: YES
2026-01-31 16:46:17 - Image data present: YES (length: 191370)
2026-01-31 16:46:17 - Attendance ID: 3
2026-01-31 16:48:13 - Request received from user: 2
2026-01-31 16:48:13 - POST data present: YES
2026-01-31 16:48:13 - Image data present: YES (length: 473214)
2026-01-31 16:48:13 - Attendance ID: 1
2026-01-31 16:48:42 - Request received from user: 2
2026-01-31 16:48:42 - POST data present: YES
2026-01-31 16:48:42 - Image data present: YES (length: 477378)
2026-01-31 16:48:42 - Attendance ID: 1
2026-01-31 16:49:17 - Request received from user: 2
2026-01-31 16:49:17 - POST data present: YES
2026-01-31 16:49:17 - Image data present: YES (length: 471898)
2026-01-31 16:49:17 - Attendance ID: 1
2026-01-31 16:49:50 - Request received from user: 2
2026-01-31 16:49:50 - POST data present: YES
2026-01-31 16:49:50 - Image data present: YES (length: 590934)
2026-01-31 16:49:50 - Attendance ID: 1
2026-01-31 16:50:20 - Request received from user: 2
2026-01-31 16:50:20 - POST data present: YES
2026-01-31 16:50:20 - Image data present: YES (length: 528614)
2026-01-31 16:50:20 - Attendance ID: 1
2026-01-31 16:53:05 - Request received from user: 2
2026-01-31 16:53:05 - POST data present: YES
2026-01-31 16:53:05 - Image data present: YES (length: 196398)
2026-01-31 16:53:05 - Attendance ID: 1
2026-01-31 16:53:36 - Request received from user: 2
2026-01-31 16:53:36 - POST data present: YES
2026-01-31 16:53:36 - Image data present: YES (length: 198082)
2026-01-31 16:53:36 - Attendance ID: 1
2026-01-31 16:54:02 - Request received from user: 2
2026-01-31 16:54:02 - POST data present: YES
2026-01-31 16:54:02 - Image data present: YES (length: 228758)
2026-01-31 16:54:02 - Attendance ID: 1
2026-01-31 16:54:35 - Request received from user: 2
2026-01-31 16:54:35 - POST data present: YES
2026-01-31 16:54:35 - Image data present: YES (length: 103366)
2026-01-31 16:54:35 - Attendance ID: 1
2026-01-31 16:54:40 - Request received from user: 3
2026-01-31 16:54:40 - POST data present: YES
2026-01-31 16:54:40 - Image data present: YES (length: 198414)
2026-01-31 16:54:40 - Attendance ID: 2
2026-01-31 16:55:01 - Request received from user: 2
2026-01-31 16:55:01 - POST data present: YES
2026-01-31 16:55:01 - Image data present: YES (length: 346042)
2026-01-31 16:55:01 - Attendance ID: 1
2026-01-31 16:55:08 - Request received from user: 3
2026-01-31 16:55:08 - POST data present: YES
2026-01-31 16:55:08 - Image data present: YES (length: 233202)
2026-01-31 16:55:08 - Attendance ID: 2
2026-01-31 16:55:28 - Request received from user: 2
2026-01-31 16:55:28 - POST data present: YES
2026-01-31 16:55:28 - Image data present: YES (length: 233202)
2026-01-31 16:55:28 - Attendance ID: 1
2026-01-31 16:55:36 - Request received from user: 3
2026-01-31 16:55:36 - POST data present: YES
2026-01-31 16:55:36 - Image data present: YES (length: 233202)
2026-01-31 16:55:36 - Attendance ID: 2
2026-01-31 16:56:02 - Request received from user: 2
2026-01-31 16:56:02 - POST data present: YES
2026-01-31 16:56:02 - Image data present: YES (length: 233258)
2026-01-31 16:56:02 - Attendance ID: 1
2026-01-31 16:56:05 - Request received from user: 3
2026-01-31 16:56:05 - POST data present: YES
2026-01-31 16:56:05 - Image data present: YES (length: 233258)
2026-01-31 16:56:05 - Attendance ID: 2
2026-01-31 16:56:34 - Request received from user: 2
2026-01-31 16:56:34 - POST data present: YES
2026-01-31 16:56:34 - Image data present: YES (length: 233258)
2026-01-31 16:56:34 - Attendance ID: 1
2026-01-31 16:56:39 - Request received from user: 3
2026-01-31 16:56:39 - POST data present: YES
2026-01-31 16:56:39 - Image data present: YES (length: 233258)
2026-01-31 16:56:39 - Attendance ID: 2
2026-01-31 16:57:02 - Request received from user: 2
2026-01-31 16:57:02 - POST data present: YES
2026-01-31 16:57:02 - Image data present: YES (length: 233258)
2026-01-31 16:57:02 - Attendance ID: 1
2026-01-31 16:57:14 - Request received from user: 3
2026-01-31 16:57:14 - POST data present: YES
2026-01-31 16:57:14 - Image data present: YES (length: 233258)
2026-01-31 16:57:14 - Attendance ID: 2
2026-01-31 16:57:37 - Request received from user: 2
2026-01-31 16:57:37 - POST data present: YES
2026-01-31 16:57:37 - Image data present: YES (length: 233258)
2026-01-31 16:57:37 - Attendance ID: 1
2026-01-31 16:57:49 - Request received from user: 3
2026-01-31 16:57:49 - POST data present: YES
2026-01-31 16:57:49 - Image data present: YES (length: 233258)
2026-01-31 16:57:49 - Attendance ID: 2
2026-01-31 16:58:12 - Request received from user: 2
2026-01-31 16:58:12 - POST data present: YES
2026-01-31 16:58:12 - Image data present: YES (length: 233258)
2026-01-31 16:58:12 - Attendance ID: 1
2026-01-31 16:58:24 - Request received from user: 3
2026-01-31 16:58:24 - POST data present: YES
2026-01-31 16:58:24 - Image data present: YES (length: 202798)
2026-01-31 16:58:24 - Attendance ID: 2
2026-01-31 16:58:41 - Request received from user: 2
2026-01-31 16:58:41 - POST data present: YES
2026-01-31 16:58:41 - Image data present: YES (length: 202554)
2026-01-31 16:58:41 - Attendance ID: 1
2026-01-31 16:58:55 - Request received from user: 3
2026-01-31 16:58:55 - POST data present: YES
2026-01-31 16:58:55 - Image data present: YES (length: 202458)
2026-01-31 16:58:55 - Attendance ID: 2
2026-01-31 16:59:07 - Request received from user: 2
2026-01-31 16:59:07 - POST data present: YES
2026-01-31 16:59:07 - Image data present: YES (length: 202582)
2026-01-31 16:59:07 - Attendance ID: 1
2026-01-31 21:11:05 - Request from User: 4 - Attendance: 6
Success: Saved to C:\xampp\htdocs\Task_Management\screenshots\4_6.png
2026-01-31 21:11:31 - Request from User: 4 - Attendance: 6
Success: Saved to C:\xampp\htdocs\Task_Management\screenshots/4_6.png
2026-01-31 21:11:44 - Request from User: 3 - Attendance: 5
Success: Saved to C:\xampp\htdocs\Task_Management\screenshots\3_5.png
2026-01-31 21:11:59 - Request from User: 4 - Attendance: 6
Success: Saved to C:\xampp\htdocs\Task_Management\screenshots/4_6.png
2026-01-31 21:12:07 - Request from User: 3 - Attendance: 5
Success: Saved to C:\xampp\htdocs\Task_Management\screenshots/3_5.png
2026-01-31 21:12:21 - Request from User: 4 - Attendance: 6
Success: Saved to C:\xampp\htdocs\Task_Management\screenshots/4_6.png
2026-01-31 21:12:34 - Request from User: 3 - Attendance: 5
Success: Saved to C:\xampp\htdocs\Task_Management\screenshots/3_5.png
2026-01-31 21:12:42 - Request from User: 4 - Attendance: 6
Success: Saved to C:\xampp\htdocs\Task_Management\screenshots/4_6.png
2026-02-01 05:39:14 - Request from User: 5 - Attendance: 1
Success: Saved to C:\xampp\htdocs\Task_Management\screenshots\5_1.png
2026-02-01 05:39:36 - Request from User: 5 - Attendance: 1
Success: Saved to C:\xampp\htdocs\Task_Management\screenshots/5_1.png
2026-02-01 08:08:58 - Request from User: 7 - Attendance: 4
Success: Saved to C:\xampp\htdocs\task_management_v2\screenshots\7_4.png
2026-02-01 08:09:50 - Request from User: 7 - Attendance: 4
Success: Saved to C:\xampp\htdocs\task_management_v2\screenshots/7_4.png
2026-02-01 08:10:15 - Request from User: 7 - Attendance: 4
Success: Saved to C:\xampp\htdocs\task_management_v2\screenshots/7_4.png
2026-02-01 08:10:44 - Request from User: 7 - Attendance: 4
Success: Saved to C:\xampp\htdocs\task_management_v2\screenshots/7_4.png
2026-02-01 08:11:09 - Request from User: 7 - Attendance: 4
Success: Saved to C:\xampp\htdocs\task_management_v2\screenshots/7_4.png
2026-02-01 08:11:38 - Request from User: 7 - Attendance: 4
Success: Saved to C:\xampp\htdocs\task_management_v2\screenshots/7_4.png
2026-02-01 08:12:05 - Request from User: 7 - Attendance: 4
Success: Saved to C:\xampp\htdocs\task_management_v2\screenshots/7_4.png
2026-02-01 08:12:33 - Request from User: 7 - Attendance: 4
Success: Saved to C:\xampp\htdocs\task_management_v2\screenshots/7_4.png
2026-02-01 08:12:59 - Request from User: 7 - Attendance: 4
Success: Saved to C:\xampp\htdocs\task_management_v2\screenshots/7_4.png
2026-02-01 08:13:28 - Request from User: 7 - Attendance: 4
Success: Saved to C:\xampp\htdocs\task_management_v2\screenshots/7_4.png
2026-02-01 08:13:52 - Request from User: 7 - Attendance: 4
Success: Saved to C:\xampp\htdocs\task_management_v2\screenshots/7_4.png
2026-02-01 08:14:13 - Request from User: 7 - Attendance: 4
Success: Saved to C:\xampp\htdocs\task_management_v2\screenshots/7_4.png
2026-02-01 08:14:39 - Request from User: 7 - Attendance: 4
Success: Saved to C:\xampp\htdocs\task_management_v2\screenshots/7_4.png
2026-02-03 10:44:49 - Request from User: 3 - Attendance: 5
Success: Saved to C:\xampp\htdocs\task_management_v2\screenshots\3_5.png
2026-02-03 10:45:17 - Request from User: 3 - Attendance: 5
Success: Saved to C:\xampp\htdocs\task_management_v2\screenshots/3_5.png
2026-02-03 10:45:41 - Request from User: 3 - Attendance: 5
Success: Saved to C:\xampp\htdocs\task_management_v2\screenshots/3_5.png
2026-02-03 10:46:10 - Request from User: 3 - Attendance: 5
Success: Saved to C:\xampp\htdocs\task_management_v2\screenshots/3_5.png
2026-02-03 10:46:32 - Request from User: 4 - Attendance: 5
Success: Saved to C:\xampp\htdocs\task_management_v2\screenshots/3_5.png
2026-02-03 10:46:57 - Request from User: 4 - Attendance: 5
Success: Saved to C:\xampp\htdocs\task_management_v2\screenshots/3_5.png
2026-02-03 10:47:19 - Request from User: 3 - Attendance: 5
Success: Saved to C:\xampp\htdocs\task_management_v2\screenshots/3_5.png
2026-02-03 10:47:44 - Request from User: 3 - Attendance: 5
Success: Saved to C:\xampp\htdocs\task_management_v2\screenshots/3_5.png
2026-02-03 10:48:07 - Request from User: 3 - Attendance: 5
Success: Saved to C:\xampp\htdocs\task_management_v2\screenshots/3_5.png
2026-02-03 10:48:36 - Request from User: 4 - Attendance: 5
Success: Saved to C:\xampp\htdocs\task_management_v2\screenshots/3_5.png
2026-02-03 10:49:01 - Request from User: 1 - Attendance: 5
Success: Saved to C:\xampp\htdocs\task_management_v2\screenshots/3_5.png
2026-02-03 10:49:26 - Request from User: 1 - Attendance: 5
Success: Saved to C:\xampp\htdocs\task_management_v2\screenshots/3_5.png
2026-02-03 10:49:49 - Request from User: 1 - Attendance: 5
Success: Saved to C:\xampp\htdocs\task_management_v2\screenshots/3_5.png
2026-02-03 10:50:12 - Request from User: 1 - Attendance: 5
Success: Saved to C:\xampp\htdocs\task_management_v2\screenshots/3_5.png
2026-02-03 10:50:35 - Request from User: 1 - Attendance: 5
Success: Saved to C:\xampp\htdocs\task_management_v2\screenshots/3_5.png
2026-02-03 10:51:01 - Request from User: 1 - Attendance: 5
Success: Saved to C:\xampp\htdocs\task_management_v2\screenshots/3_5.png
2026-02-03 10:51:27 - Request from User: 1 - Attendance: 5
Success: Saved to C:\xampp\htdocs\task_management_v2\screenshots/3_5.png
2026-02-03 10:51:50 - Request from User: 1 - Attendance: 5
Success: Saved to C:\xampp\htdocs\task_management_v2\screenshots/3_5.png
2026-02-03 10:52:17 - Request from User: 1 - Attendance: 5
Success: Saved to C:\xampp\htdocs\task_management_v2\screenshots/3_5.png
2026-02-03 10:52:45 - Request from User: 1 - Attendance: 5
Success: Saved to C:\xampp\htdocs\task_management_v2\screenshots/3_5.png
2026-02-03 10:53:07 - Request from User: 1 - Attendance: 5
Success: Saved to C:\xampp\htdocs\task_management_v2\screenshots/3_5.png
2026-02-03 10:54:01 - Request from User: 4 - Attendance: 5
Success: Saved to C:\xampp\htdocs\task_management_v2\screenshots/3_5.png
2026-02-03 10:54:50 - Request from User: 3 - Attendance: 5
Success: Saved to C:\xampp\htdocs\task_management_v2\screenshots/3_5.png
2026-02-03 10:55:17 - Request from User: 1 - Attendance: 5
Success: Saved to C:\xampp\htdocs\task_management_v2\screenshots/3_5.png
2026-02-03 10:55:41 - Request from User: 1 - Attendance: 5
Success: Saved to C:\xampp\htdocs\task_management_v2\screenshots/3_5.png
2026-02-03 10:56:11 - Request from User: 1 - Attendance: 5
Success: Saved to C:\xampp\htdocs\task_management_v2\screenshots/3_5.png
2026-02-03 10:56:40 - Request from User: 1 - Attendance: 5
Success: Saved to C:\xampp\htdocs\task_management_v2\screenshots/3_5.png
2026-02-03 10:57:07 - Request from User: 1 - Attendance: 5
Success: Saved to C:\xampp\htdocs\task_management_v2\screenshots/3_5.png
2026-02-03 10:57:34 - Request from User: 1 - Attendance: 5
Success: Saved to C:\xampp\htdocs\task_management_v2\screenshots/3_5.png
2026-02-03 10:58:02 - Request from User: 1 - Attendance: 5
Success: Saved to C:\xampp\htdocs\task_management_v2\screenshots/3_5.png
=======
2026-02-03 14:04:00 - Request from User: 5 - Attendance: 2
Success: Saved to C:\xampp\htdocs\Task_Management\screenshots\5_2.png
2026-02-03 14:04:22 - Request from User: 5 - Attendance: 2
Success: Saved to C:\xampp\htdocs\Task_Management\screenshots/5_2.png
2026-02-03 14:04:52 - Request from User: 5 - Attendance: 2
Success: Saved to C:\xampp\htdocs\Task_Management\screenshots/5_2.png
2026-02-03 14:05:14 - Request from User: 5 - Attendance: 2
Success: Saved to C:\xampp\htdocs\Task_Management\screenshots/5_2.png
2026-02-03 14:05:38 - Request from User: 5 - Attendance: 2
Success: Saved to C:\xampp\htdocs\Task_Management\screenshots/5_2.png
2026-02-03 14:06:08 - Request from User: 5 - Attendance: 2
Success: Saved to C:\xampp\htdocs\Task_Management\screenshots/5_2.png
2026-02-03 14:06:35 - Request from User: 5 - Attendance: 2
Success: Saved to C:\xampp\htdocs\Task_Management\screenshots/5_2.png
2026-02-03 14:09:30 - Request from User: 2 - Attendance: 3
Success: Saved to C:\xampp\htdocs\Task_Management\screenshots\2_3.png
2026-02-03 14:09:43 - Request from User: 2 - Attendance: 3
Success: Saved to C:\xampp\htdocs\Task_Management\screenshots/2_3.png
2026-02-03 14:13:37 - Request from User: 2 - Attendance: 3
Success: Saved to C:\xampp\htdocs\Task_Management\screenshots/2_3.png
2026-02-03 14:14:04 - Request from User: 2 - Attendance: 3
Success: Saved to C:\xampp\htdocs\Task_Management\screenshots/2_3.png
2026-02-03 14:14:26 - Request from User: 2 - Attendance: 3
Success: Saved to C:\xampp\htdocs\Task_Management\screenshots/2_3.png
2026-02-03 14:14:55 - Request from User: 2 - Attendance: 3
Success: Saved to C:\xampp\htdocs\Task_Management\screenshots/2_3.png
2026-02-03 14:15:25 - Request from User: 2 - Attendance: 3
Success: Saved to C:\xampp\htdocs\Task_Management\screenshots/2_3.png
2026-02-03 14:15:50 - Request from User: 2 - Attendance: 3
Success: Saved to C:\xampp\htdocs\Task_Management\screenshots/2_3.png
2026-02-03 14:16:18 - Request from User: 2 - Attendance: 3
Success: Saved to C:\xampp\htdocs\Task_Management\screenshots/2_3.png
2026-02-03 14:16:42 - Request from User: 2 - Attendance: 3
Success: Saved to C:\xampp\htdocs\Task_Management\screenshots/2_3.png
2026-02-03 14:17:10 - Request from User: 2 - Attendance: 3
Success: Saved to C:\xampp\htdocs\Task_Management\screenshots/2_3.png
2026-02-03 14:17:33 - Request from User: 2 - Attendance: 3
Success: Saved to C:\xampp\htdocs\Task_Management\screenshots/2_3.png
2026-02-03 14:18:01 - Request from User: 2 - Attendance: 3
Success: Saved to C:\xampp\htdocs\Task_Management\screenshots/2_3.png
2026-02-03 14:18:22 - Request from User: 2 - Attendance: 3
Success: Saved to C:\xampp\htdocs\Task_Management\screenshots/2_3.png
2026-02-03 14:18:45 - Request from User: 2 - Attendance: 3
Success: Saved to C:\xampp\htdocs\Task_Management\screenshots/2_3.png
2026-02-03 14:19:14 - Request from User: 2 - Attendance: 3
Success: Saved to C:\xampp\htdocs\Task_Management\screenshots/2_3.png
2026-02-03 14:19:40 - Request from User: 2 - Attendance: 3
Success: Saved to C:\xampp\htdocs\Task_Management\screenshots/2_3.png
2026-02-03 14:20:08 - Request from User: 2 - Attendance: 3
Success: Saved to C:\xampp\htdocs\Task_Management\screenshots/2_3.png
2026-02-03 14:20:36 - Request from User: 2 - Attendance: 3
Success: Saved to C:\xampp\htdocs\Task_Management\screenshots/2_3.png
2026-02-03 14:21:02 - Request from User: 2 - Attendance: 3
Success: Saved to C:\xampp\htdocs\Task_Management\screenshots/2_3.png
2026-02-03 14:21:26 - Request from User: 2 - Attendance: 3
Success: Saved to C:\xampp\htdocs\Task_Management\screenshots/2_3.png
2026-02-03 14:21:52 - Request from User: 2 - Attendance: 3
Success: Saved to C:\xampp\htdocs\Task_Management\screenshots/2_3.png
2026-02-03 14:22:13 - Request from User: 2 - Attendance: 3
Success: Saved to C:\xampp\htdocs\Task_Management\screenshots/2_3.png
2026-02-03 14:22:33 - Request from User: 4 - Attendance: 4
Success: Saved to C:\xampp\htdocs\Task_Management\screenshots\4_4.png
2026-02-03 14:22:43 - Request from User: 4 - Attendance: 4
Success: Saved to C:\xampp\htdocs\Task_Management\screenshots/4_4.png
2026-02-03 14:23:01 - Request from User: 4 - Attendance: 4
Success: Saved to C:\xampp\htdocs\Task_Management\screenshots/4_4.png
2026-02-03 14:23:23 - Request from User: 4 - Attendance: 4
Success: Saved to C:\xampp\htdocs\Task_Management\screenshots/4_4.png
2026-02-03 14:23:52 - Request from User: 4 - Attendance: 4
Success: Saved to C:\xampp\htdocs\Task_Management\screenshots/4_4.png
2026-02-03 14:24:21 - Request from User: 4 - Attendance: 4
Success: Saved to C:\xampp\htdocs\Task_Management\screenshots/4_4.png
2026-02-03 14:24:46 - Request from User: 4 - Attendance: 4
Success: Saved to C:\xampp\htdocs\Task_Management\screenshots/4_4.png
2026-02-03 14:25:09 - Request from User: 4 - Attendance: 4
Success: Saved to C:\xampp\htdocs\Task_Management\screenshots/4_4.png
2026-02-03 14:25:30 - Request from User: 4 - Attendance: 4
Success: Saved to C:\xampp\htdocs\Task_Management\screenshots/4_4.png
2026-02-03 14:25:57 - Request from User: 4 - Attendance: 4
Success: Saved to C:\xampp\htdocs\Task_Management\screenshots/4_4.png
2026-02-03 14:26:06 - Request from User: 8 - Attendance: 5
Success: Saved to C:\xampp\htdocs\Task_Management\screenshots\8_5.png
2026-02-03 14:26:27 - Request from User: 4 - Attendance: 4
Success: Saved to C:\xampp\htdocs\Task_Management\screenshots/4_4.png
2026-02-03 14:26:29 - Request from User: 8 - Attendance: 5
Success: Saved to C:\xampp\htdocs\Task_Management\screenshots/8_5.png
2026-02-03 14:26:51 - Request from User: 4 - Attendance: 4
Success: Saved to C:\xampp\htdocs\Task_Management\screenshots/4_4.png
2026-02-03 14:26:54 - Request from User: 8 - Attendance: 5
Success: Saved to C:\xampp\htdocs\Task_Management\screenshots/8_5.png
2026-02-03 14:27:13 - Request from User: 4 - Attendance: 4
Success: Saved to C:\xampp\htdocs\Task_Management\screenshots/4_4.png
2026-02-03 14:27:15 - Request from User: 8 - Attendance: 5
Success: Saved to C:\xampp\htdocs\Task_Management\screenshots/8_5.png
2026-02-03 14:27:37 - Request from User: 4 - Attendance: 4
Success: Saved to C:\xampp\htdocs\Task_Management\screenshots/4_4.png
2026-02-03 14:27:44 - Request from User: 8 - Attendance: 5
Success: Saved to C:\xampp\htdocs\Task_Management\screenshots/8_5.png
2026-02-03 14:28:00 - Request from User: 4 - Attendance: 4
Success: Saved to C:\xampp\htdocs\Task_Management\screenshots/4_4.png
2026-02-03 14:28:12 - Request from User: 8 - Attendance: 5
Success: Saved to C:\xampp\htdocs\Task_Management\screenshots/8_5.png
2026-02-03 14:28:22 - Request from User: 4 - Attendance: 4
Success: Saved to C:\xampp\htdocs\Task_Management\screenshots/4_4.png
2026-02-03 14:28:42 - Request from User: 8 - Attendance: 5
Success: Saved to C:\xampp\htdocs\Task_Management\screenshots/8_5.png
2026-02-03 14:28:50 - Request from User: 4 - Attendance: 4
Success: Saved to C:\xampp\htdocs\Task_Management\screenshots/4_4.png
2026-02-03 14:28:52 - Request from User: 4 - Attendance: 4
Success: Saved to C:\xampp\htdocs\Task_Management\screenshots/4_4.png
2026-02-03 14:29:11 - Request from User: 8 - Attendance: 5
Success: Saved to C:\xampp\htdocs\Task_Management\screenshots/8_5.png
2026-02-03 14:29:15 - Request from User: 4 - Attendance: 4
Success: Saved to C:\xampp\htdocs\Task_Management\screenshots/4_4.png
2026-02-03 14:29:37 - Request from User: 8 - Attendance: 5
Success: Saved to C:\xampp\htdocs\Task_Management\screenshots/8_5.png
2026-02-03 14:29:39 - Request from User: 4 - Attendance: 4
Success: Saved to C:\xampp\htdocs\Task_Management\screenshots/4_4.png
2026-02-03 14:30:03 - Request from User: 4 - Attendance: 4
Success: Saved to C:\xampp\htdocs\Task_Management\screenshots/4_4.png
2026-02-03 14:30:05 - Request from User: 8 - Attendance: 5
Success: Saved to C:\xampp\htdocs\Task_Management\screenshots/8_5.png
2026-02-03 14:30:27 - Request from User: 8 - Attendance: 5
Success: Saved to C:\xampp\htdocs\Task_Management\screenshots/8_5.png
2026-02-03 14:30:31 - Request from User: 4 - Attendance: 4
Success: Saved to C:\xampp\htdocs\Task_Management\screenshots/4_4.png
2026-02-03 14:30:49 - Request from User: 8 - Attendance: 5
Success: Saved to C:\xampp\htdocs\Task_Management\screenshots/8_5.png
2026-02-03 14:30:57 - Request from User: 4 - Attendance: 4
Success: Saved to C:\xampp\htdocs\Task_Management\screenshots/4_4.png
2026-02-03 14:31:10 - Request from User: 8 - Attendance: 5
Success: Saved to C:\xampp\htdocs\Task_Management\screenshots/8_5.png
2026-02-03 14:31:25 - Request from User: 4 - Attendance: 4
Success: Saved to C:\xampp\htdocs\Task_Management\screenshots/4_4.png
2026-02-03 14:31:40 - Request from User: 8 - Attendance: 5
Success: Saved to C:\xampp\htdocs\Task_Management\screenshots/8_5.png
2026-02-03 14:31:48 - Request from User: 4 - Attendance: 4
Success: Saved to C:\xampp\htdocs\Task_Management\screenshots/4_4.png
2026-02-03 14:31:57 - Request from User: 4 - Attendance: 4
Success: Saved to C:\xampp\htdocs\Task_Management\screenshots/4_4.png
2026-02-03 14:32:06 - Request from User: 8 - Attendance: 5
Success: Saved to C:\xampp\htdocs\Task_Management\screenshots/8_5.png
2026-02-03 14:32:25 - Request from User: 8 - Attendance: 5
Success: Saved to C:\xampp\htdocs\Task_Management\screenshots/8_5.png
2026-02-03 14:32:28 - Request from User: 4 - Attendance: 4
Success: Saved to C:\xampp\htdocs\Task_Management\screenshots/4_4.png
2026-02-03 14:32:47 - Request from User: 8 - Attendance: 5
Success: Saved to C:\xampp\htdocs\Task_Management\screenshots/8_5.png
2026-02-03 14:32:57 - Request from User: 4 - Attendance: 4
Success: Saved to C:\xampp\htdocs\Task_Management\screenshots/4_4.png
2026-02-03 14:33:15 - Request from User: 8 - Attendance: 5
Success: Saved to C:\xampp\htdocs\Task_Management\screenshots/8_5.png
2026-02-03 14:33:24 - Request from User: 4 - Attendance: 4
Success: Saved to C:\xampp\htdocs\Task_Management\screenshots/4_4.png
2026-02-03 14:33:36 - Request from User: 8 - Attendance: 5
Success: Saved to C:\xampp\htdocs\Task_Management\screenshots/8_5.png
2026-02-03 14:33:53 - Request from User: 4 - Attendance: 4
Success: Saved to C:\xampp\htdocs\Task_Management\screenshots/4_4.png
2026-02-03 14:34:03 - Request from User: 8 - Attendance: 5
Success: Saved to C:\xampp\htdocs\Task_Management\screenshots/8_5.png
2026-02-03 14:34:23 - Request from User: 4 - Attendance: 4
Success: Saved to C:\xampp\htdocs\Task_Management\screenshots/4_4.png
2026-02-03 14:34:31 - Request from User: 8 - Attendance: 5
Success: Saved to C:\xampp\htdocs\Task_Management\screenshots/8_5.png
2026-02-03 14:34:47 - Request from User: 4 - Attendance: 4
Success: Saved to C:\xampp\htdocs\Task_Management\screenshots/4_4.png
2026-02-03 14:34:53 - Request from User: 8 - Attendance: 5
Success: Saved to C:\xampp\htdocs\Task_Management\screenshots/8_5.png
2026-02-03 14:35:14 - Request from User: 8 - Attendance: 5
Success: Saved to C:\xampp\htdocs\Task_Management\screenshots/8_5.png
2026-02-03 14:35:15 - Request from User: 4 - Attendance: 4
Success: Saved to C:\xampp\htdocs\Task_Management\screenshots/4_4.png
2026-02-03 14:35:37 - Request from User: 8 - Attendance: 5
Success: Saved to C:\xampp\htdocs\Task_Management\screenshots/8_5.png
2026-02-03 14:35:41 - Request from User: 4 - Attendance: 4
Success: Saved to C:\xampp\htdocs\Task_Management\screenshots/4_4.png
2026-02-03 14:35:59 - Request from User: 8 - Attendance: 5
Success: Saved to C:\xampp\htdocs\Task_Management\screenshots/8_5.png
2026-02-03 14:36:06 - Request from User: 4 - Attendance: 4
Success: Saved to C:\xampp\htdocs\Task_Management\screenshots/4_4.png
2026-02-03 14:36:21 - Request from User: 8 - Attendance: 5
Success: Saved to C:\xampp\htdocs\Task_Management\screenshots/8_5.png
2026-02-03 14:36:29 - Request from User: 4 - Attendance: 4
Success: Saved to C:\xampp\htdocs\Task_Management\screenshots/4_4.png
2026-02-03 14:36:49 - Request from User: 8 - Attendance: 5
Success: Saved to C:\xampp\htdocs\Task_Management\screenshots/8_5.png
2026-02-03 14:36:53 - Request from User: 4 - Attendance: 4
Success: Saved to C:\xampp\htdocs\Task_Management\screenshots/4_4.png
2026-02-03 14:37:15 - Request from User: 4 - Attendance: 4
Success: Saved to C:\xampp\htdocs\Task_Management\screenshots/4_4.png
2026-02-03 14:37:36 - Request from User: 4 - Attendance: 4
Success: Saved to C:\xampp\htdocs\Task_Management\screenshots/4_4.png
2026-02-03 14:37:58 - Request from User: 4 - Attendance: 4
Success: Saved to C:\xampp\htdocs\Task_Management\screenshots/4_4.png
2026-02-03 14:38:02 - Request from User: 4 - Attendance: 4
Success: Saved to C:\xampp\htdocs\Task_Management\screenshots/4_4.png
2026-02-03 14:38:24 - Request from User: 4 - Attendance: 4
Success: Saved to C:\xampp\htdocs\Task_Management\screenshots/4_4.png
2026-02-03 14:38:46 - Request from User: 4 - Attendance: 4
Success: Saved to C:\xampp\htdocs\Task_Management\screenshots/4_4.png
2026-02-03 14:38:52 - Request from User: 4 - Attendance: 4
Success: Saved to C:\xampp\htdocs\Task_Management\screenshots/4_4.png
2026-02-03 14:39:15 - Request from User: 4 - Attendance: 4
Success: Saved to C:\xampp\htdocs\Task_Management\screenshots/4_4.png
2026-02-03 14:39:40 - Request from User: 4 - Attendance: 4
Success: Saved to C:\xampp\htdocs\Task_Management\screenshots/4_4.png
2026-02-03 14:40:04 - Request from User: 4 - Attendance: 4
Success: Saved to C:\xampp\htdocs\Task_Management\screenshots/4_4.png
2026-02-03 14:40:32 - Request from User: 4 - Attendance: 4
Success: Saved to C:\xampp\htdocs\Task_Management\screenshots/4_4.png
2026-02-03 14:40:58 - Request from User: 4 - Attendance: 4
Success: Saved to C:\xampp\htdocs\Task_Management\screenshots/4_4.png
2026-02-03 14:41:20 - Request from User: 4 - Attendance: 4
Success: Saved to C:\xampp\htdocs\Task_Management\screenshots/4_4.png
2026-02-03 14:41:44 - Request from User: 4 - Attendance: 4
Success: Saved to C:\xampp\htdocs\Task_Management\screenshots/4_4.png
2026-02-03 14:42:05 - Request from User: 4 - Attendance: 4
Success: Saved to C:\xampp\htdocs\Task_Management\screenshots/4_4.png
2026-02-03 14:42:27 - Request from User: 4 - Attendance: 4
Success: Saved to C:\xampp\htdocs\Task_Management\screenshots/4_4.png
2026-02-03 14:42:41 - Request from User: 4 - Attendance: 4
Success: Saved to C:\xampp\htdocs\Task_Management\screenshots/4_4.png
2026-02-03 14:43:12 - Request from User: 4 - Attendance: 4
Success: Saved to C:\xampp\htdocs\Task_Management\screenshots/4_4.png
2026-02-03 14:43:39 - Request from User: 4 - Attendance: 4
Success: Saved to C:\xampp\htdocs\Task_Management\screenshots/4_4.png
2026-02-03 14:44:07 - Request from User: 4 - Attendance: 4
Success: Saved to C:\xampp\htdocs\Task_Management\screenshots/4_4.png
2026-02-03 14:44:19 - Request from User: 4 - Attendance: 4
Success: Saved to C:\xampp\htdocs\Task_Management\screenshots/4_4.png
2026-02-03 14:44:44 - Request from User: 4 - Attendance: 4
Success: Saved to C:\xampp\htdocs\Task_Management\screenshots/4_4.png
2026-02-03 14:44:50 - Request from User: 4 - Attendance: 4
Success: Saved to C:\xampp\htdocs\Task_Management\screenshots/4_4.png
2026-02-03 14:45:18 - Request from User: 4 - Attendance: 4
Success: Saved to C:\xampp\htdocs\Task_Management\screenshots/4_4.png
2026-02-03 14:47:36 - Request from User: 7 - Attendance: 6
Success: Saved to C:\xampp\htdocs\Task_Management\screenshots\7_6.png
2026-02-03 14:48:00 - Request from User: 7 - Attendance: 6
Success: Saved to C:\xampp\htdocs\Task_Management\screenshots/7_6.png
2026-02-03 14:48:51 - Request from User: 7 - Attendance: 6
Success: Saved to C:\xampp\htdocs\Task_Management\screenshots/7_6.png
2026-02-03 14:49:21 - Request from User: 7 - Attendance: 6
Success: Saved to C:\xampp\htdocs\Task_Management\screenshots/7_6.png
2026-02-03 14:49:51 - Request from User: 7 - Attendance: 6
Success: Saved to C:\xampp\htdocs\Task_Management\screenshots/7_6.png
2026-02-03 14:50:18 - Request from User: 7 - Attendance: 6
Success: Saved to C:\xampp\htdocs\Task_Management\screenshots/7_6.png
2026-02-03 14:50:41 - Request from User: 7 - Attendance: 6
Success: Saved to C:\xampp\htdocs\Task_Management\screenshots/7_6.png
2026-02-03 14:51:06 - Request from User: 7 - Attendance: 6
Success: Saved to C:\xampp\htdocs\Task_Management\screenshots/7_6.png
2026-02-03 14:51:28 - Request from User: 7 - Attendance: 6
Success: Saved to C:\xampp\htdocs\Task_Management\screenshots/7_6.png
2026-02-03 14:51:50 - Request from User: 7 - Attendance: 6
Success: Saved to C:\xampp\htdocs\Task_Management\screenshots/7_6.png
2026-02-03 14:52:15 - Request from User: 7 - Attendance: 6
Success: Saved to C:\xampp\htdocs\Task_Management\screenshots/7_6.png
2026-02-03 14:52:42 - Request from User: 7 - Attendance: 6
Success: Saved to C:\xampp\htdocs\Task_Management\screenshots/7_6.png
2026-02-03 14:52:49 - Request from User: 7 - Attendance: 6
Success: Saved to C:\xampp\htdocs\Task_Management\screenshots/7_6.png
2026-02-03 14:53:05 - Request from User: 7 - Attendance: 6
Success: Saved to C:\xampp\htdocs\Task_Management\screenshots/7_6.png
2026-02-03 14:53:27 - Request from User: 7 - Attendance: 6
Success: Saved to C:\xampp\htdocs\Task_Management\screenshots/7_6.png
2026-02-03 14:53:54 - Request from User: 7 - Attendance: 6
Success: Saved to C:\xampp\htdocs\Task_Management\screenshots/7_6.png
2026-02-03 14:54:00 - Request from User: 7 - Attendance: 6
Success: Saved to C:\xampp\htdocs\Task_Management\screenshots/7_6.png
2026-02-03 14:54:31 - Request from User: 7 - Attendance: 6
Success: Saved to C:\xampp\htdocs\Task_Management\screenshots/7_6.png
2026-02-03 14:54:57 - Request from User: 7 - Attendance: 6
Success: Saved to C:\xampp\htdocs\Task_Management\screenshots/7_6.png
2026-02-03 14:55:36 - Request from User: 7 - Attendance: 6
Success: Saved to C:\xampp\htdocs\Task_Management\screenshots/7_6.png
2026-02-03 14:55:42 - Request from User: 7 - Attendance: 6
Success: Saved to C:\xampp\htdocs\Task_Management\screenshots/7_6.png
2026-02-03 14:55:55 - Request from User: 7 - Attendance: 6
Success: Saved to C:\xampp\htdocs\Task_Management\screenshots/7_6.png
2026-02-03 14:57:07 - Request from User: 7 - Attendance: 6
Success: Saved to C:\xampp\htdocs\Task_Management\screenshots/7_6.png
2026-02-03 14:57:36 - Request from User: 7 - Attendance: 6
Success: Saved to C:\xampp\htdocs\Task_Management\screenshots/7_6.png
2026-02-03 14:57:57 - Request from User: 7 - Attendance: 6
Success: Saved to C:\xampp\htdocs\Task_Management\screenshots/7_6.png
2026-02-03 14:58:20 - Request from User: 7 - Attendance: 6
Success: Saved to C:\xampp\htdocs\Task_Management\screenshots/7_6.png
2026-02-03 14:58:50 - Request from User: 7 - Attendance: 6
Success: Saved to C:\xampp\htdocs\Task_Management\screenshots/7_6.png
2026-02-03 14:59:19 - Request from User: 7 - Attendance: 6
Success: Saved to C:\xampp\htdocs\Task_Management\screenshots/7_6.png
2026-02-03 14:59:40 - Request from User: 7 - Attendance: 6
Success: Saved to C:\xampp\htdocs\Task_Management\screenshots/7_6.png
2026-02-03 15:00:07 - Request from User: 7 - Attendance: 6
Success: Saved to C:\xampp\htdocs\Task_Management\screenshots/7_6.png
2026-02-03 15:00:30 - Request from User: 7 - Attendance: 6
Success: Saved to C:\xampp\htdocs\Task_Management\screenshots/7_6.png
2026-02-03 15:00:54 - Request from User: 7 - Attendance: 6
Success: Saved to C:\xampp\htdocs\Task_Management\screenshots/7_6.png
2026-02-03 15:01:23 - Request from User: 7 - Attendance: 6
Success: Saved to C:\xampp\htdocs\Task_Management\screenshots/7_6.png
2026-02-03 15:01:48 - Request from User: 7 - Attendance: 6
Success: Saved to C:\xampp\htdocs\Task_Management\screenshots/7_6.png
2026-02-03 15:02:11 - Request from User: 7 - Attendance: 6
Success: Saved to C:\xampp\htdocs\Task_Management\screenshots/7_6.png
2026-02-03 15:02:39 - Request from User: 7 - Attendance: 6
Success: Saved to C:\xampp\htdocs\Task_Management\screenshots/7_6.png
2026-02-03 15:03:31 - Request from User: 7 - Attendance: 6
Success: Saved to C:\xampp\htdocs\Task_Management\screenshots/7_6.png
2026-02-03 15:23:45 - Request from User: 7 - Attendance: 7
Success: Saved to C:\xampp\htdocs\Task_Management\screenshots\7_7.png
2026-02-03 15:24:10 - Request from User: 7 - Attendance: 7
Success: Saved to C:\xampp\htdocs\Task_Management\screenshots/7_7.png
2026-02-03 15:24:36 - Request from User: 7 - Attendance: 7
Success: Saved to C:\xampp\htdocs\Task_Management\screenshots/7_7.png
2026-02-03 15:25:10 - Request from User: 7 - Attendance: 8
Success: Saved to C:\xampp\htdocs\Task_Management\screenshots\7_8.png
2026-02-03 15:25:39 - Request from User: 7 - Attendance: 8
Success: Saved to C:\xampp\htdocs\Task_Management\screenshots/7_8.png
2026-02-03 15:26:07 - Request from User: 7 - Attendance: 8
Success: Saved to C:\xampp\htdocs\Task_Management\screenshots/7_8.png
2026-02-03 15:26:37 - Request from User: 7 - Attendance: 8
Success: Saved to C:\xampp\htdocs\Task_Management\screenshots/7_8.png
2026-02-03 15:26:59 - Request from User: 7 - Attendance: 8
Success: Saved to C:\xampp\htdocs\Task_Management\screenshots/7_8.png
2026-02-03 15:27:20 - Request from User: 7 - Attendance: 8
Success: Saved to C:\xampp\htdocs\Task_Management\screenshots/7_8.png
2026-02-03 15:27:47 - Request from User: 7 - Attendance: 8
Success: Saved to C:\xampp\htdocs\Task_Management\screenshots/7_8.png
2026-02-03 15:28:10 - Request from User: 7 - Attendance: 8
Success: Saved to C:\xampp\htdocs\Task_Management\screenshots/7_8.png
2026-02-03 15:28:32 - Request from User: 7 - Attendance: 8
Success: Saved to C:\xampp\htdocs\Task_Management\screenshots/7_8.png
2026-02-03 15:28:58 - Request from User: 7 - Attendance: 8
Success: Saved to C:\xampp\htdocs\Task_Management\screenshots/7_8.png
2026-02-03 15:29:22 - Request from User: 7 - Attendance: 8
Success: Saved to C:\xampp\htdocs\Task_Management\screenshots\7_8_1770128962_6982064255804.png
2026-02-03 15:29:47 - Request from User: 7 - Attendance: 8
Success: Saved to C:\xampp\htdocs\Task_Management\screenshots\7_8_1770128987_6982065b6cefd.png
2026-02-03 15:30:17 - Request from User: 7 - Attendance: 8
Success: Saved to C:\xampp\htdocs\Task_Management\screenshots\7_8_1770129017_6982067951014.png
2026-02-03 15:30:38 - Request from User: 7 - Attendance: 8
Success: Saved to C:\xampp\htdocs\Task_Management\screenshots\7_8_1770129038_6982068e4ff7b.png
2026-02-03 15:31:03 - Request from User: 7 - Attendance: 8
Success: Saved to C:\xampp\htdocs\Task_Management\screenshots\7_8_1770129063_698206a76f198.png
2026-02-03 15:31:30 - Request from User: 7 - Attendance: 8
Success: Saved to C:\xampp\htdocs\Task_Management\screenshots\7_8_1770129090_698206c26879d.png
2026-02-03 15:31:59 - Request from User: 7 - Attendance: 8
Success: Saved to C:\xampp\htdocs\Task_Management\screenshots\7_8_1770129119_698206df51b80.png
2026-02-03 15:32:28 - Request from User: 7 - Attendance: 8
Success: Saved to C:\xampp\htdocs\Task_Management\screenshots\7_8_1770129148_698206fc5411c.png
>>>>>>> upstream/main
2026-02-03 19:09:00 - Request from User: 1 - Attendance: 6
Success: Saved to C:\xampp\htdocs\task_management_v2\screenshots\1_6_1770142140_698239bccc9bd.png
2026-02-03 19:29:32 - Request from User: 1 - Attendance: 6
Success: Saved to C:\xampp\htdocs\task_management_v2\screenshots\1_6_1770143372_69823e8c9e3a8.png
2026-02-03 19:57:51 - Request from User: 3 - Attendance: 6
Success: Saved to C:\xampp\htdocs\task_management_v2\screenshots\3_6_1770145071_6982452faa824.png
2026-02-03 20:21:28 - Request from User: 1 - Attendance: 6
Success: Saved to C:\xampp\htdocs\task_management_v2\screenshots\1_6_1770146488_69824ab89a3f8.png
2026-02-03 20:33:16 - Request from User: 3 - Attendance: 7
Success: Saved to C:\xampp\htdocs\task_management_v2\screenshots\3_7_1770147196_69824d7c58023.png
2026-02-04 15:46:15 - Request from User: 3 - Attendance: 9
Success: Saved to C:\xampp\htdocs\task_management_v2\screenshots\3_9_1770216375_69835bb727831.png
2026-02-04 16:14:21 - Request from User: 3 - Attendance: 9
Success: Saved to C:\xampp\htdocs\task_management_v2\screenshots\3_9_1770218061_6983624d08eb3.png
2026-02-04 16:36:37 - Request from User: 3 - Attendance: 9
Success: Saved to C:\xampp\htdocs\task_management_v2\screenshots\3_9_1770219397_6983678507589.png
2026-02-07 15:20:26 - Request from User: 2 - Attendance: 9
Success: Saved to C:\xampp\htdocs\Task_Management\screenshots\2_9_1770474026_69874a2aefff0.png
2026-02-07 15:20:47 - Request from User: 2 - Attendance: 9
Success: Saved to C:\xampp\htdocs\Task_Management\screenshots\2_9_1770474047_69874a3f4e684.png
2026-02-07 15:21:17 - Request from User: 2 - Attendance: 9
Success: Saved to C:\xampp\htdocs\Task_Management\screenshots\2_9_1770474077_69874a5d6c3d4.png
2026-02-07 15:21:45 - Request from User: 2 - Attendance: 9
Success: Saved to C:\xampp\htdocs\Task_Management\screenshots\2_9_1770474105_69874a7969130.png
2026-02-07 15:22:09 - Request from User: 2 - Attendance: 9
Success: Saved to C:\xampp\htdocs\Task_Management\screenshots\2_9_1770474129_69874a914db10.png
2026-02-07 15:22:37 - Request from User: 2 - Attendance: 9
Success: Saved to C:\xampp\htdocs\Task_Management\screenshots\2_9_1770474157_69874aad4de12.png
2026-02-07 15:23:36 - Request from User: 2 - Attendance: 10
Success: Saved to C:\xampp\htdocs\Task_Management\screenshots\2_10_1770474216_69874ae810e63.png
2026-02-07 15:24:02 - Request from User: 2 - Attendance: 10
Success: Saved to C:\xampp\htdocs\Task_Management\screenshots\2_10_1770474242_69874b0250410.png
2026-02-07 15:24:35 - Request from User: 2 - Attendance: 11
Success: Saved to C:\xampp\htdocs\Task_Management\screenshots\2_11_1770474275_69874b23f2c48.png
2026-02-07 15:27:19 - Request from User: 3 - Attendance: 12
Success: Saved to C:\xampp\htdocs\Task_Management\screenshots\3_12_1770474439_69874bc71dc59.png
2026-02-08 14:09:06 - Request from User: 2 - Attendance: 13
Success: Saved to C:\xampp\htdocs\task_management\screenshots\2_13_1770556146_69888af26839e.png
2026-02-08 14:09:27 - Request from User: 2 - Attendance: 13
Success: Saved to C:\xampp\htdocs\task_management\screenshots\2_13_1770556167_69888b07e63b8.png
2026-02-08 14:09:50 - Request from User: 2 - Attendance: 13
Success: Saved to C:\xampp\htdocs\task_management\screenshots\2_13_1770556190_69888b1e0ce1f.png
2026-02-08 14:10:11 - Request from User: 2 - Attendance: 13
Success: Saved to C:\xampp\htdocs\task_management\screenshots\2_13_1770556211_69888b33f110e.png
2026-02-08 14:10:37 - Request from User: 2 - Attendance: 13
Success: Saved to C:\xampp\htdocs\task_management\screenshots\2_13_1770556237_69888b4dec636.png
2026-02-08 14:11:00 - Request from User: 2 - Attendance: 13
Success: Saved to C:\xampp\htdocs\task_management\screenshots\2_13_1770556260_69888b64ea9b4.png
2026-02-08 14:11:28 - Request from User: 2 - Attendance: 13
Success: Saved to C:\xampp\htdocs\task_management\screenshots\2_13_1770556288_69888b80e6e8f.png
2026-02-08 14:11:55 - Request from User: 2 - Attendance: 13
Success: Saved to C:\xampp\htdocs\task_management\screenshots\2_13_1770556315_69888b9be4515.png
2026-02-08 14:12:18 - Request from User: 2 - Attendance: 13
Success: Saved to C:\xampp\htdocs\task_management\screenshots\2_13_1770556338_69888bb2e9c66.png
2026-02-08 14:12:45 - Request from User: 2 - Attendance: 13
Success: Saved to C:\xampp\htdocs\task_management\screenshots\2_13_1770556365_69888bcd0c631.png
2026-02-08 14:13:10 - Request from User: 2 - Attendance: 13
Success: Saved to C:\xampp\htdocs\task_management\screenshots\2_13_1770556390_69888be6092d1.png
2026-02-08 14:49:14 - Request from User: 2 - Attendance: 14
Success: Saved to C:\xampp\htdocs\task_management\screenshots\2_14_1770558554_6988945a9b295.png
2026-02-08 14:49:36 - Request from User: 2 - Attendance: 14
Success: Saved to C:\xampp\htdocs\task_management\screenshots\2_14_1770558576_69889470f4186.png
2026-02-08 14:49:59 - Request from User: 2 - Attendance: 14
Success: Saved to C:\xampp\htdocs\task_management\screenshots\2_14_1770558599_69889487e9271.png
2026-02-08 14:54:43 - Request from User: 3 - Attendance: 15
Success: Saved to C:\xampp\htdocs\task_management\screenshots\3_15_1770558883_698895a36c21f.png
2026-02-08 14:58:04 - Request from User: 3 - Attendance: 16
Success: Saved to C:\xampp\htdocs\task_management\screenshots\3_16_1770559084_6988966cb0434.png
2026-02-08 14:58:26 - Request from User: 3 - Attendance: 16
Success: Saved to C:\xampp\htdocs\task_management\screenshots\3_16_1770559106_69889682e1a83.png
2026-02-08 14:58:51 - Request from User: 3 - Attendance: 16
Success: Saved to C:\xampp\htdocs\task_management\screenshots\3_16_1770559131_6988969b0bc2e.png
2026-02-08 15:09:49 - Request from User: 3 - Attendance: 17
Success: Saved to C:\xampp\htdocs\task_management\screenshots\3_17_1770559789_6988992d32e0e.png
2026-02-08 15:10:10 - Request from User: 3 - Attendance: 17
Success: Saved to C:\xampp\htdocs\task_management\screenshots\3_17_1770559810_69889942e2f50.png
2026-02-08 15:10:38 - Request from User: 3 - Attendance: 17
Success: Saved to C:\xampp\htdocs\task_management\screenshots\3_17_1770559838_6988995ee629e.png
2026-02-08 15:17:44 - Request from User: 3 - Attendance: 18
Success: Saved to C:\xampp\htdocs\task_management\screenshots\3_18_1770560264_69889b08c3b2b.png
2026-02-08 15:18:14 - Request from User: 3 - Attendance: 18
Success: Saved to C:\xampp\htdocs\task_management\screenshots\3_18_1770560294_69889b26e5fbb.png
2026-02-08 15:37:20 - Request from User: 3 - Attendance: 19
Success: Saved to C:\xampp\htdocs\task_management\screenshots\3_19_1770561440_69889fa0360e0.png
2026-02-08 15:37:42 - Request from User: 3 - Attendance: 19
Success: Saved to C:\xampp\htdocs\task_management\screenshots\3_19_1770561462_69889fb6dfce8.png
2026-02-08 15:41:03 - Request from User: 3 - Attendance: 20
Success: Saved to C:\xampp\htdocs\task_management\screenshots\3_20_1770561663_6988a07f48233.png
2026-02-09 03:01:09 - Request from User: 4 - Attendance: 21
Success: Saved to C:\xampp\htdocs\task_management\screenshots\4_21_1770602469_69893fe5d91e8.png
2026-02-09 03:01:33 - Request from User: 4 - Attendance: 21
Success: Saved to C:\xampp\htdocs\task_management\screenshots\4_21_1770602493_69893ffd4dc4c.png
2026-02-09 03:01:54 - Request from User: 4 - Attendance: 21
Success: Saved to C:\xampp\htdocs\task_management\screenshots\4_21_1770602514_698940126b22a.png
2026-02-09 03:02:15 - Request from User: 4 - Attendance: 21
Success: Saved to C:\xampp\htdocs\task_management\screenshots\4_21_1770602535_6989402748b6d.png
2026-02-09 03:02:40 - Request from User: 4 - Attendance: 21
Success: Saved to C:\xampp\htdocs\task_management\screenshots\4_21_1770602560_698940407619d.png
2026-02-09 11:26:13 - Request from User: 8 - Attendance: 22
Success: Saved to C:\xampp\htdocs\task_management\screenshots\8_22_1770632773_6989b6459317a.png
2026-02-09 11:26:41 - Request from User: 8 - Attendance: 22
Success: Saved to C:\xampp\htdocs\task_management\screenshots\8_22_1770632801_6989b661ae67b.png
2026-02-09 11:27:25 - Request from User: 8 - Attendance: 23
Success: Saved to C:\xampp\htdocs\task_management\screenshots\8_23_1770632845_6989b68d2872b.png
2026-02-09 11:27:55 - Request from User: 8 - Attendance: 23
Success: Saved to C:\xampp\htdocs\task_management\screenshots\8_23_1770632875_6989b6aba9af0.png
2026-02-09 11:28:22 - Request from User: 8 - Attendance: 23
Success: Saved to C:\xampp\htdocs\task_management\screenshots\8_23_1770632902_6989b6c6addda.png
2026-02-09 11:28:52 - Request from User: 8 - Attendance: 23
Success: Saved to C:\xampp\htdocs\task_management\screenshots\8_23_1770632932_6989b6e4b0895.png
2026-02-09 11:29:15 - Request from User: 8 - Attendance: 23
Success: Saved to C:\xampp\htdocs\task_management\screenshots\8_23_1770632955_6989b6fbac047.png
2026-02-09 11:29:41 - Request from User: 8 - Attendance: 23
Success: Saved to C:\xampp\htdocs\task_management\screenshots\8_23_1770632981_6989b715a8795.png
2026-02-09 11:30:05 - Request from User: 8 - Attendance: 23
Success: Saved to C:\xampp\htdocs\task_management\screenshots\8_23_1770633005_6989b72dc26dc.png
2026-02-09 11:30:30 - Request from User: 8 - Attendance: 23
Success: Saved to C:\xampp\htdocs\task_management\screenshots\8_23_1770633030_6989b746a86f3.png
2026-02-09 11:30:53 - Request from User: 8 - Attendance: 23
Success: Saved to C:\xampp\htdocs\task_management\screenshots\8_23_1770633053_6989b75dad6c8.png
2026-02-09 11:31:16 - Request from User: 8 - Attendance: 23
Success: Saved to C:\xampp\htdocs\task_management\screenshots\8_23_1770633076_6989b774a9bf8.png
2026-02-09 11:31:44 - Request from User: 8 - Attendance: 23
Success: Saved to C:\xampp\htdocs\task_management\screenshots\8_23_1770633104_6989b790b0c14.png
2026-02-09 11:32:10 - Request from User: 8 - Attendance: 23
Success: Saved to C:\xampp\htdocs\task_management\screenshots\8_23_1770633130_6989b7aaaabb5.png
2026-02-09 11:32:32 - Request from User: 8 - Attendance: 23
Success: Saved to C:\xampp\htdocs\task_management\screenshots\8_23_1770633152_6989b7c0af630.png
2026-02-09 11:32:53 - Request from User: 8 - Attendance: 23
Success: Saved to C:\xampp\htdocs\task_management\screenshots\8_23_1770633173_6989b7d5aa3cb.png
2026-02-09 11:33:22 - Request from User: 8 - Attendance: 23
Success: Saved to C:\xampp\htdocs\task_management\screenshots\8_23_1770633202_6989b7f2a7f36.png
2026-02-09 11:33:46 - Request from User: 8 - Attendance: 23
Success: Saved to C:\xampp\htdocs\task_management\screenshots\8_23_1770633226_6989b80ac31ef.png
2026-02-09 11:34:11 - Request from User: 8 - Attendance: 23
Success: Saved to C:\xampp\htdocs\task_management\screenshots\8_23_1770633251_6989b823a89af.png
2026-02-09 11:34:38 - Request from User: 8 - Attendance: 23
Success: Saved to C:\xampp\htdocs\task_management\screenshots\8_23_1770633278_6989b83ea108e.png
2026-02-10 14:13:46 - Request from User: 4 - Attendance: 24
Success: Saved to C:\xampp\htdocs\task_management\screenshots\4_24_1770729226_698b2f0abfda5.png
2026-02-10 14:14:06 - Request from User: 4 - Attendance: 25
Success: Saved to C:\xampp\htdocs\task_management\screenshots\4_25_1770729246_698b2f1ec94ef.png
2026-02-10 14:14:36 - Request from User: 4 - Attendance: 25
Success: Saved to C:\xampp\htdocs\task_management\screenshots\4_25_1770729276_698b2f3c1109e.png
2026-02-10 14:15:03 - Request from User: 4 - Attendance: 25
Success: Saved to C:\xampp\htdocs\task_management\screenshots\4_25_1770729303_698b2f57134c2.png
2026-02-10 14:15:24 - Request from User: 4 - Attendance: 25
Success: Saved to C:\xampp\htdocs\task_management\screenshots\4_25_1770729324_698b2f6c0314b.png
2026-02-10 14:15:54 - Request from User: 4 - Attendance: 25
Success: Saved to C:\xampp\htdocs\task_management\screenshots\4_25_1770729354_698b2f8a09224.png
2026-02-10 14:16:18 - Request from User: 4 - Attendance: 25
Success: Saved to C:\xampp\htdocs\task_management\screenshots\4_25_1770729378_698b2fa212a69.png
2026-02-10 14:16:44 - Request from User: 4 - Attendance: 25
Success: Saved to C:\xampp\htdocs\task_management\screenshots\4_25_1770729404_698b2fbc087ae.png
2026-02-10 14:17:10 - Request from User: 4 - Attendance: 25
Success: Saved to C:\xampp\htdocs\task_management\screenshots\4_25_1770729430_698b2fd60cdc2.png
2026-02-10 14:17:33 - Request from User: 4 - Attendance: 25
Success: Saved to C:\xampp\htdocs\task_management\screenshots\4_25_1770729453_698b2fed0a570.png
2026-02-10 14:17:54 - Request from User: 4 - Attendance: 25
Success: Saved to C:\xampp\htdocs\task_management\screenshots\4_25_1770729474_698b300208080.png
2026-02-10 14:30:23 - Request from User: 4 - Attendance: 26
Success: Saved to C:\xampp\htdocs\task_management\screenshots\4_26_1770730223_698b32ef1e394.png
2026-02-10 14:31:03 - Request from User: 4 - Attendance: 27
Success: Saved to C:\xampp\htdocs\task_management\screenshots\4_27_1770730263_698b33172fb99.png
2026-02-10 14:31:30 - Request from User: 4 - Attendance: 27
Success: Saved to C:\xampp\htdocs\task_management\screenshots\4_27_1770730290_698b333211fbc.png
2026-02-10 14:31:52 - Request from User: 4 - Attendance: 27
Success: Saved to C:\xampp\htdocs\task_management\screenshots\4_27_1770730312_698b33481951f.png
2026-02-10 14:32:20 - Request from User: 4 - Attendance: 27
Success: Saved to C:\xampp\htdocs\task_management\screenshots\4_27_1770730340_698b33641b45d.png
2026-02-10 14:32:42 - Request from User: 4 - Attendance: 27
Success: Saved to C:\xampp\htdocs\task_management\screenshots\4_27_1770730362_698b337a14fa9.png
2026-02-10 14:33:06 - Request from User: 4 - Attendance: 27
Success: Saved to C:\xampp\htdocs\task_management\screenshots\4_27_1770730386_698b33920e1a4.png
2026-02-10 14:43:58 - Request from User: 4 - Attendance: 28
Success: Saved to C:\xampp\htdocs\task_management\screenshots\4_28_1770731038_698b361e168bb.png
2026-02-10 14:44:26 - Request from User: 4 - Attendance: 29
Success: Saved to C:\xampp\htdocs\task_management\screenshots\4_29_1770731066_698b363a548e0.png
2026-02-10 14:44:49 - Request from User: 4 - Attendance: 29
Success: Saved to C:\xampp\htdocs\task_management\screenshots\4_29_1770731089_698b3651246c3.png
2026-02-10 14:51:19 - Request from User: 4 - Attendance: 30
Success: Saved to C:\xampp\htdocs\task_management\screenshots\4_30_1770731479_698b37d78c215.png
2026-02-10 14:51:42 - Request from User: 4 - Attendance: 30
Success: Saved to C:\xampp\htdocs\task_management\screenshots\4_30_1770731502_698b37ee253b9.png
2026-02-10 14:52:14 - Request from User: 4 - Attendance: 31
Success: Saved to C:\xampp\htdocs\task_management\screenshots\4_31_1770731534_698b380e81623.png
2026-02-10 14:52:39 - Request from User: 4 - Attendance: 31
Success: Saved to C:\xampp\htdocs\task_management\screenshots\4_31_1770731559_698b3827184a7.png
2026-02-10 14:57:24 - Request from User: 4 - Attendance: 32
Success: Saved to C:\xampp\htdocs\task_management\screenshots\4_32_1770731844_698b3944c4fcb.png
2026-02-10 14:58:06 - Request from User: 4 - Attendance: 33
Success: Saved to C:\xampp\htdocs\task_management\screenshots\4_33_1770731886_698b396eed899.png
2026-02-10 14:58:38 - Request from User: 4 - Attendance: 34
Success: Saved to C:\xampp\htdocs\task_management\screenshots\4_34_1770731918_698b398e83fd0.png
2026-02-10 14:59:16 - Request from User: 4 - Attendance: 35
Success: Saved to C:\xampp\htdocs\task_management\screenshots\4_35_1770731956_698b39b4c733d.png
2026-02-10 15:03:27 - Request from User: 4 - Attendance: 36
Success: Saved to C:\xampp\htdocs\task_management\screenshots\4_36_1770732207_698b3aaf854d6.png
2026-02-10 15:04:04 - Request from User: 4 - Attendance: 37
Success: Saved to C:\xampp\htdocs\task_management\screenshots\4_37_1770732244_698b3ad49da34.png
2026-02-10 15:04:17 - Request from User: 4 - Attendance: 38
Success: Saved to C:\xampp\htdocs\task_management\screenshots\4_38_1770732257_698b3ae16f2a8.png
2026-02-10 15:04:41 - Request from User: 4 - Attendance: 38
Success: Saved to C:\xampp\htdocs\task_management\screenshots\4_38_1770732281_698b3af9217bf.png
2026-02-10 15:05:11 - Request from User: 4 - Attendance: 38
Success: Saved to C:\xampp\htdocs\task_management\screenshots\4_38_1770732311_698b3b171649a.png
2026-02-10 15:05:37 - Request from User: 4 - Attendance: 38
Success: Saved to C:\xampp\htdocs\task_management\screenshots\4_38_1770732337_698b3b3113bbf.png
2026-02-10 15:05:59 - Request from User: 4 - Attendance: 38
Success: Saved to C:\xampp\htdocs\task_management\screenshots\4_38_1770732359_698b3b470a529.png
2026-02-10 15:06:25 - Request from User: 4 - Attendance: 38
Success: Saved to C:\xampp\htdocs\task_management\screenshots\4_38_1770732385_698b3b61155dc.png
2026-02-10 15:06:50 - Request from User: 4 - Attendance: 38
Success: Saved to C:\xampp\htdocs\task_management\screenshots\4_38_1770732410_698b3b7a17f58.png
2026-02-10 15:07:17 - Request from User: 4 - Attendance: 38
Success: Saved to C:\xampp\htdocs\task_management\screenshots\4_38_1770732437_698b3b951f60e.png
2026-02-10 15:07:38 - Request from User: 4 - Attendance: 38
Success: Saved to C:\xampp\htdocs\task_management\screenshots\4_38_1770732458_698b3baa186d4.png
2026-02-10 15:08:03 - Request from User: 4 - Attendance: 38
Success: Saved to C:\xampp\htdocs\task_management\screenshots\4_38_1770732483_698b3bc31484a.png
2026-02-10 15:08:25 - Request from User: 4 - Attendance: 38
Success: Saved to C:\xampp\htdocs\task_management\screenshots\4_38_1770732505_698b3bd9084fa.png
2026-02-10 15:08:55 - Request from User: 4 - Attendance: 38
Success: Saved to C:\xampp\htdocs\task_management\screenshots\4_38_1770732535_698b3bf723083.png
2026-02-10 15:09:22 - Request from User: 4 - Attendance: 38
Success: Saved to C:\xampp\htdocs\task_management\screenshots\4_38_1770732562_698b3c123bfee.png
2026-02-10 15:09:44 - Request from User: 4 - Attendance: 38
Success: Saved to C:\xampp\htdocs\task_management\screenshots\4_38_1770732584_698b3c2818a20.png
2026-02-10 15:10:14 - Request from User: 4 - Attendance: 38
Success: Saved to C:\xampp\htdocs\task_management\screenshots\4_38_1770732614_698b3c461ba24.png
2026-02-10 15:10:39 - Request from User: 4 - Attendance: 38
Success: Saved to C:\xampp\htdocs\task_management\screenshots\4_38_1770732639_698b3c5f1fba0.png
2026-02-10 15:11:07 - Request from User: 4 - Attendance: 38
Success: Saved to C:\xampp\htdocs\task_management\screenshots\4_38_1770732667_698b3c7b25036.png
2026-02-10 15:11:32 - Request from User: 4 - Attendance: 38
Success: Saved to C:\xampp\htdocs\task_management\screenshots\4_38_1770732692_698b3c9411a07.png
2026-02-10 15:11:54 - Request from User: 4 - Attendance: 38
Success: Saved to C:\xampp\htdocs\task_management\screenshots\4_38_1770732714_698b3caa10558.png
2026-02-10 15:12:15 - Request from User: 4 - Attendance: 38
Success: Saved to C:\xampp\htdocs\task_management\screenshots\4_38_1770732735_698b3cbf20c00.png
2026-02-10 15:12:36 - Request from User: 4 - Attendance: 38
Success: Saved to C:\xampp\htdocs\task_management\screenshots\4_38_1770732756_698b3cd40d306.png
2026-02-10 15:12:59 - Request from User: 4 - Attendance: 38
Success: Saved to C:\xampp\htdocs\task_management\screenshots\4_38_1770732779_698b3ceb2cf84.png
2026-02-10 15:13:26 - Request from User: 4 - Attendance: 38
Success: Saved to C:\xampp\htdocs\task_management\screenshots\4_38_1770732806_698b3d0618239.png
2026-02-10 15:13:56 - Request from User: 4 - Attendance: 38
Success: Saved to C:\xampp\htdocs\task_management\screenshots\4_38_1770732836_698b3d2425348.png
2026-02-10 15:14:23 - Request from User: 4 - Attendance: 38
Success: Saved to C:\xampp\htdocs\task_management\screenshots\4_38_1770732863_698b3d3f13162.png
2026-02-10 15:14:48 - Request from User: 4 - Attendance: 38
Success: Saved to C:\xampp\htdocs\task_management\screenshots\4_38_1770732888_698b3d581c5c7.png
2026-02-10 15:15:14 - Request from User: 4 - Attendance: 38
Success: Saved to C:\xampp\htdocs\task_management\screenshots\4_38_1770732914_698b3d721d29c.png
2026-02-10 15:15:42 - Request from User: 4 - Attendance: 38
Success: Saved to C:\xampp\htdocs\task_management\screenshots\4_38_1770732942_698b3d8e1a8dd.png
2026-02-10 15:16:07 - Request from User: 4 - Attendance: 38
Success: Saved to C:\xampp\htdocs\task_management\screenshots\4_38_1770732967_698b3da720ba3.png
2026-02-10 15:16:35 - Request from User: 4 - Attendance: 38
Success: Saved to C:\xampp\htdocs\task_management\screenshots\4_38_1770732995_698b3dc31b300.png
2026-02-10 15:16:59 - Request from User: 4 - Attendance: 38
Success: Saved to C:\xampp\htdocs\task_management\screenshots\4_38_1770733019_698b3ddb16692.png
2026-02-10 15:17:25 - Request from User: 4 - Attendance: 38
Success: Saved to C:\xampp\htdocs\task_management\screenshots\4_38_1770733045_698b3df517d5a.png
2026-02-10 15:17:49 - Request from User: 4 - Attendance: 38
Success: Saved to C:\xampp\htdocs\task_management\screenshots\4_38_1770733069_698b3e0d18d6b.png
2026-02-10 15:18:12 - Request from User: 4 - Attendance: 38
Success: Saved to C:\xampp\htdocs\task_management\screenshots\4_38_1770733092_698b3e2412f9e.png
2026-02-10 15:18:40 - Request from User: 4 - Attendance: 38
Success: Saved to C:\xampp\htdocs\task_management\screenshots\4_38_1770733120_698b3e401bfaa.png
2026-02-10 15:19:02 - Request from User: 4 - Attendance: 38
Success: Saved to C:\xampp\htdocs\task_management\screenshots\4_38_1770733142_698b3e56036c8.png
2026-02-10 15:19:30 - Request from User: 4 - Attendance: 38
Success: Saved to C:\xampp\htdocs\task_management\screenshots\4_38_1770733170_698b3e72044d5.png
2026-02-10 16:51:42 - Request from User: 4 - Attendance: 13
Success: Saved to C:\xampp\htdocs\task_management\screenshots\4_13_1770738702_698b540ee69ec.png
2026-02-10 16:51:56 - Request from User: 4 - Attendance: 14
Success: Saved to C:\xampp\htdocs\task_management\screenshots\4_14_1770738716_698b541c3110d.png
2026-02-11 07:45:21 - Request from User: 2 - Attendance: 15
Success: Saved to C:\xampp\htdocs\task_management\screenshots\2_15_1770792321_698c2581c9f3a.png
2026-02-11 07:45:47 - Request from User: 2 - Attendance: 15
Success: Saved to C:\xampp\htdocs\task_management\screenshots\2_15_1770792347_698c259ba544c.png
2026-02-11 07:46:08 - Request from User: 2 - Attendance: 15
Success: Saved to C:\xampp\htdocs\task_management\screenshots\2_15_1770792368_698c25b0ad68c.png
2026-02-11 07:48:15 - Request from User: 2 - Attendance: 16
Success: Saved to C:\xampp\htdocs\task_management\screenshots\2_16_1770792495_698c262f894b7.png
2026-02-11 07:48:40 - Request from User: 2 - Attendance: 16
Success: Saved to C:\xampp\htdocs\task_management\screenshots\2_16_1770792520_698c2648a9cca.png
2026-02-11 07:49:39 - Request from User: 2 - Attendance: 17
Success: Saved to C:\xampp\htdocs\task_management\screenshots\2_17_1770792579_698c26831e6c0.png
2026-02-11 07:50:02 - Request from User: 2 - Attendance: 17
Success: Saved to C:\xampp\htdocs\task_management\screenshots\2_17_1770792602_698c269aacd60.png
2026-02-11 07:50:27 - Request from User: 2 - Attendance: 17
Success: Saved to C:\xampp\htdocs\task_management\screenshots\2_17_1770792627_698c26b3a7bad.png
2026-02-11 07:50:54 - Request from User: 2 - Attendance: 17
Success: Saved to C:\xampp\htdocs\task_management\screenshots\2_17_1770792654_698c26ced6322.png
2026-02-11 07:51:17 - Request from User: 2 - Attendance: 17
Success: Saved to C:\xampp\htdocs\task_management\screenshots\2_17_1770792677_698c26e5c9aae.png
2026-02-12 15:55:27 - Request from User: 12 - Attendance: 1
Success: Saved to C:\xampp\htdocs\task_management\screenshots\12_1_1770908127_698de9dfaad4a.png
2026-02-13 03:14:31 - Request from User: 8 - Attendance: 1
Success: Saved to C:\xampp\htdocs\task_management\screenshots\8_1_1770948871_698e89072a8b9.png
2026-02-13 03:14:51 - Request from User: 8 - Attendance: 1
Success: Saved to C:\xampp\htdocs\task_management\screenshots\8_1_1770948891_698e891be9658.png
2026-02-13 03:15:15 - Request from User: 8 - Attendance: 1
Success: Saved to C:\xampp\htdocs\task_management\screenshots\8_1_1770948915_698e8933ec7f1.png
2026-02-13 03:15:31 - Request from User: 12 - Attendance: 2
Success: Saved to C:\xampp\htdocs\task_management\screenshots\12_2_1770948931_698e89437832a.png
2026-02-13 03:15:55 - Request from User: 12 - Attendance: 2
Success: Saved to C:\xampp\htdocs\task_management\screenshots\12_2_1770948955_698e895b09c32.png
2026-02-13 03:16:18 - Request from User: 12 - Attendance: 2
Success: Saved to C:\xampp\htdocs\task_management\screenshots\12_2_1770948978_698e8972e7fc9.png
2026-02-13 03:22:06 - Request from User: 11 - Attendance: 3
Success: Saved to C:\xampp\htdocs\task_management\screenshots\11_3_1770949326_698e8acee1f8c.png
2026-02-13 03:22:28 - Request from User: 10 - Attendance: 3
Success: Saved to C:\xampp\htdocs\task_management\screenshots\10_3_1770949348_698e8ae4ee4cd.png
2026-02-13 03:22:56 - Request from User: 10 - Attendance: 5
Success: Saved to C:\xampp\htdocs\task_management\screenshots\10_5_1770949376_698e8b005fde1.png
2026-02-13 03:24:54 - Request from User: 9 - Attendance: 6
Success: Saved to C:\xampp\htdocs\task_management\screenshots\9_6_1770949494_698e8b7629db6.png
2026-02-13 03:27:43 - Request from User: 9 - Attendance: 7
Success: Saved to C:\xampp\htdocs\task_management\screenshots\9_7_1770949663_698e8c1f79f7f.png
2026-02-13 03:28:07 - Request from User: 9 - Attendance: 7
Success: Saved to C:\xampp\htdocs\task_management\screenshots\9_7_1770949687_698e8c37e706e.png
2026-02-13 03:31:09 - Request from User: 9 - Attendance: 8
Success: Saved to C:\xampp\htdocs\task_management\screenshots\9_8_1770949869_698e8ced42fe6.png
2026-02-13 05:02:10 - Request from User: 8 - Attendance: 1
Success: Saved to C:\xampp\htdocs\task_management_v2\screenshots\8_1_1770955330_698ea2428d18c.png
2026-02-13 05:02:34 - Request from User: 8 - Attendance: 1
Success: Saved to C:\xampp\htdocs\task_management_v2\screenshots\8_1_1770955354_698ea25aa623f.png
2026-02-13 05:02:56 - Request from User: 8 - Attendance: 1
Success: Saved to C:\xampp\htdocs\task_management_v2\screenshots\8_1_1770955376_698ea270c7196.png
