[2026-01-16T11:53:16+01:00] user_id=9 part=morning start
[2026-01-16T11:53:16+01:00] user_id=9 part=morning ERROR: SQLSTATE[42S22]: Column not found: 1054 Unknown column 'created_at' in 'field list'
[2026-01-16T11:53:52+01:00] user_id=9 part=morning start
[2026-01-16T11:53:52+01:00] user_id=9 part=morning ERROR: SQLSTATE[42S22]: Column not found: 1054 Unknown column 'created_at' in 'field list'
[2026-01-16T11:58:39+01:00] user_id=9 part=morning start
[2026-01-16T11:58:39+01:00] user_id=9 part=morning success attendance_id=25
[2026-01-16T12:05:01+01:00] user_id=9 part= start
[2026-01-16T12:05:01+01:00] user_id=9 part= success attendance_id=25
[2026-01-16T12:06:37+01:00] user_id=9 part= start
[2026-01-16T12:06:37+01:00] user_id=9 part= success attendance_id=25
[2026-01-16T12:09:17+01:00] user_id=9 part= start
[2026-01-16T12:09:17+01:00] user_id=9 part= success attendance_id=25
[2026-01-16T12:10:05+01:00] user_id=11 part= start
[2026-01-16T12:10:05+01:00] user_id=11 part= success attendance_id=26
[2026-01-16T12:48:08+01:00] user_id=12 part= start
[2026-01-16T12:48:08+01:00] user_id=12 part= success attendance_id=27
[2026-01-16T12:49:34+01:00] user_id=12 part= start
[2026-01-16T12:49:34+01:00] user_id=12 part= success attendance_id=27
[2026-01-16T12:51:34+01:00] user_id=14 part= start
[2026-01-16T12:51:34+01:00] user_id=14 part= success attendance_id=28
[2026-01-16T12:51:59+01:00] user_id=14 part= start
[2026-01-16T12:51:59+01:00] user_id=14 part= success attendance_id=28
[2026-01-16T13:01:23+01:00] user_id=14 part=afternoon start
[2026-01-16T13:01:23+01:00] user_id=14 part=afternoon success attendance_id=28
[2026-01-16T13:01:36+01:00] user_id=14 part=afternoon start
[2026-01-16T13:01:36+01:00] user_id=14 part=afternoon success attendance_id=28
[2026-01-16T13:01:58+01:00] user_id=14 part=afternoon start
[2026-01-16T13:01:58+01:00] user_id=14 part=afternoon success attendance_id=28
[2026-01-16T13:04:57+01:00] user_id=9 part=afternoon start
[2026-01-16T13:04:57+01:00] user_id=9 part=afternoon success attendance_id=25
[2026-01-26T15:02:08+01:00] user_id=11 part=afternoon start
[2026-01-26T15:02:08+01:00] user_id=11 part=afternoon success attendance_id=29
[2026-01-26T15:02:30+01:00] user_id=11 part=afternoon start
[2026-01-26T15:02:30+01:00] user_id=11 part=afternoon success attendance_id=29
[2026-01-26T15:02:39+01:00] user_id=11 part=afternoon start
[2026-01-26T15:02:39+01:00] user_id=11 part=afternoon success attendance_id=29
[2026-01-26T15:03:24+01:00] user_id=11 part=afternoon start
[2026-01-26T15:03:24+01:00] user_id=11 part=afternoon success attendance_id=29
[2026-01-26T15:03:47+01:00] user_id=11 part=afternoon start
[2026-01-26T15:03:47+01:00] user_id=11 part=afternoon success attendance_id=29
